{"C:\\Users\\PC\\Desktop\\Demo-Credit\\src\\app.ts": {"path":"C:\\Users\\PC\\Desktop\\Demo-Credit\\src\\app.ts","statementMap":{"0":{"start":{"line":1,"column":0},"end":{"line":1,"column":66}},"1":{"start":{"line":2,"column":0},"end":{"line":2,"column":46}},"2":{"start":{"line":3,"column":0},"end":{"line":3,"column":50}},"3":{"start":{"line":5,"column":25},"end":{"line":5,"column":34}},"4":{"start":{"line":7,"column":0},"end":{"line":7,"column":24}},"5":{"start":{"line":9,"column":0},"end":{"line":9,"column":34}},"6":{"start":{"line":10,"column":0},"end":{"line":10,"column":37}},"7":{"start":{"line":12,"column":0},"end":{"line":14,"column":3}},"8":{"start":{"line":13,"column":2},"end":{"line":13,"column":54}},"9":{"start":{"line":16,"column":0},"end":{"line":18,"column":3}},"10":{"start":{"line":17,"column":2},"end":{"line":17,"column":55}},"11":{"start":{"line":20,"column":0},"end":{"line":20,"column":19}}},"fnMap":{"0":{"name":"(anonymous_1)","decl":{"start":{"line":12,"column":13},"end":{"line":12,"column":14}},"loc":{"start":{"line":12,"column":45},"end":{"line":14,"column":1}}},"1":{"name":"(anonymous_2)","decl":{"start":{"line":16,"column":8},"end":{"line":16,"column":9}},"loc":{"start":{"line":16,"column":40},"end":{"line":18,"column":1}}}},"branchMap":{},"s":{"0":2,"1":2,"2":2,"3":2,"4":2,"5":2,"6":2,"7":2,"8":0,"9":2,"10":0,"11":2},"f":{"0":0,"1":0},"b":{}}
,"C:\\Users\\PC\\Desktop\\Demo-Credit\\src\\controllers\\user.controller.ts": {"path":"C:\\Users\\PC\\Desktop\\Demo-Credit\\src\\controllers\\user.controller.ts","statementMap":{"0":{"start":{"line":2,"column":0},"end":{"line":2,"column":30}},"1":{"start":{"line":3,"column":0},"end":{"line":3,"column":44}},"2":{"start":{"line":4,"column":0},"end":{"line":4,"column":48}},"3":{"start":{"line":8,"column":24},"end":{"line":69,"column":1}},"4":{"start":{"line":9,"column":2},"end":{"line":68,"column":3}},"5":{"start":{"line":10,"column":62},"end":{"line":10,"column":70}},"6":{"start":{"line":13,"column":4},"end":{"line":16,"column":5}},"7":{"start":{"line":14,"column":6},"end":{"line":14,"column":67}},"8":{"start":{"line":15,"column":6},"end":{"line":15,"column":13}},"9":{"start":{"line":19,"column":26},"end":{"line":19,"column":60}},"10":{"start":{"line":20,"column":4},"end":{"line":23,"column":5}},"11":{"start":{"line":21,"column":6},"end":{"line":21,"column":64}},"12":{"start":{"line":22,"column":6},"end":{"line":22,"column":13}},"13":{"start":{"line":26,"column":26},"end":{"line":26,"column":67}},"14":{"start":{"line":27,"column":4},"end":{"line":30,"column":5}},"15":{"start":{"line":28,"column":6},"end":{"line":28,"column":71}},"16":{"start":{"line":29,"column":6},"end":{"line":29,"column":13}},"17":{"start":{"line":40,"column":27},"end":{"line":40,"column":58}},"18":{"start":{"line":43,"column":21},"end":{"line":49,"column":6}},"19":{"start":{"line":52,"column":4},"end":{"line":52,"column":37}},"20":{"start":{"line":55,"column":17},"end":{"line":55,"column":49}},"21":{"start":{"line":57,"column":4},"end":{"line":65,"column":7}},"22":{"start":{"line":67,"column":4},"end":{"line":67,"column":64}},"23":{"start":{"line":8,"column":13},"end":{"line":8,"column":24}},"24":{"start":{"line":71,"column":21},"end":{"line":109,"column":1}},"25":{"start":{"line":72,"column":2},"end":{"line":108,"column":3}},"26":{"start":{"line":73,"column":32},"end":{"line":73,"column":40}},"27":{"start":{"line":75,"column":4},"end":{"line":78,"column":5}},"28":{"start":{"line":76,"column":6},"end":{"line":76,"column":75}},"29":{"start":{"line":77,"column":6},"end":{"line":77,"column":13}},"30":{"start":{"line":81,"column":17},"end":{"line":81,"column":51}},"31":{"start":{"line":82,"column":4},"end":{"line":85,"column":5}},"32":{"start":{"line":83,"column":6},"end":{"line":83,"column":63}},"33":{"start":{"line":84,"column":6},"end":{"line":84,"column":13}},"34":{"start":{"line":88,"column":28},"end":{"line":88,"column":73}},"35":{"start":{"line":89,"column":4},"end":{"line":92,"column":5}},"36":{"start":{"line":90,"column":6},"end":{"line":90,"column":63}},"37":{"start":{"line":91,"column":6},"end":{"line":91,"column":13}},"38":{"start":{"line":95,"column":4},"end":{"line":105,"column":7}},"39":{"start":{"line":107,"column":4},"end":{"line":107,"column":58}},"40":{"start":{"line":71,"column":13},"end":{"line":71,"column":21}},"41":{"start":{"line":111,"column":26},"end":{"line":137,"column":1}},"42":{"start":{"line":112,"column":2},"end":{"line":136,"column":3}},"43":{"start":{"line":113,"column":17},"end":{"line":113,"column":55}},"44":{"start":{"line":114,"column":4},"end":{"line":117,"column":5}},"45":{"start":{"line":115,"column":6},"end":{"line":115,"column":58}},"46":{"start":{"line":116,"column":6},"end":{"line":116,"column":13}},"47":{"start":{"line":119,"column":19},"end":{"line":119,"column":59}},"48":{"start":{"line":121,"column":4},"end":{"line":133,"column":7}},"49":{"start":{"line":135,"column":4},"end":{"line":135,"column":64}},"50":{"start":{"line":111,"column":13},"end":{"line":111,"column":26}}},"fnMap":{"0":{"name":"(anonymous_1)","decl":{"start":{"line":8,"column":24},"end":{"line":8,"column":29}},"loc":{"start":{"line":8,"column":77},"end":{"line":69,"column":1}}},"1":{"name":"(anonymous_2)","decl":{"start":{"line":71,"column":21},"end":{"line":71,"column":26}},"loc":{"start":{"line":71,"column":74},"end":{"line":109,"column":1}}},"2":{"name":"(anonymous_3)","decl":{"start":{"line":111,"column":26},"end":{"line":111,"column":31}},"loc":{"start":{"line":111,"column":83},"end":{"line":137,"column":1}}}},"branchMap":{"0":{"loc":{"start":{"line":13,"column":4},"end":{"line":16,"column":5}},"type":"if","locations":[{"start":{"line":13,"column":4},"end":{"line":16,"column":5}},{"start":{},"end":{}}]},"1":{"loc":{"start":{"line":13,"column":8},"end":{"line":13,"column":66}},"type":"binary-expr","locations":[{"start":{"line":13,"column":8},"end":{"line":13,"column":18}},{"start":{"line":13,"column":22},"end":{"line":13,"column":28}},{"start":{"line":13,"column":32},"end":{"line":13,"column":41}},{"start":{"line":13,"column":45},"end":{"line":13,"column":58}},{"start":{"line":13,"column":62},"end":{"line":13,"column":66}}]},"2":{"loc":{"start":{"line":20,"column":4},"end":{"line":23,"column":5}},"type":"if","locations":[{"start":{"line":20,"column":4},"end":{"line":23,"column":5}},{"start":{},"end":{}}]},"3":{"loc":{"start":{"line":27,"column":4},"end":{"line":30,"column":5}},"type":"if","locations":[{"start":{"line":27,"column":4},"end":{"line":30,"column":5}},{"start":{},"end":{}}]},"4":{"loc":{"start":{"line":75,"column":4},"end":{"line":78,"column":5}},"type":"if","locations":[{"start":{"line":75,"column":4},"end":{"line":78,"column":5}},{"start":{},"end":{}}]},"5":{"loc":{"start":{"line":75,"column":8},"end":{"line":75,"column":27}},"type":"binary-expr","locations":[{"start":{"line":75,"column":8},"end":{"line":75,"column":14}},{"start":{"line":75,"column":18},"end":{"line":75,"column":27}}]},"6":{"loc":{"start":{"line":82,"column":4},"end":{"line":85,"column":5}},"type":"if","locations":[{"start":{"line":82,"column":4},"end":{"line":85,"column":5}},{"start":{},"end":{}}]},"7":{"loc":{"start":{"line":89,"column":4},"end":{"line":92,"column":5}},"type":"if","locations":[{"start":{"line":89,"column":4},"end":{"line":92,"column":5}},{"start":{},"end":{}}]},"8":{"loc":{"start":{"line":114,"column":4},"end":{"line":117,"column":5}},"type":"if","locations":[{"start":{"line":114,"column":4},"end":{"line":117,"column":5}},{"start":{},"end":{}}]}},"s":{"0":2,"1":2,"2":2,"3":2,"4":6,"5":6,"6":6,"7":1,"8":1,"9":5,"10":5,"11":1,"12":1,"13":4,"14":4,"15":1,"16":1,"17":3,"18":3,"19":3,"20":3,"21":3,"22":0,"23":2,"24":2,"25":3,"26":3,"27":3,"28":0,"29":0,"30":3,"31":3,"32":1,"33":1,"34":2,"35":2,"36":1,"37":1,"38":1,"39":0,"40":2,"41":2,"42":0,"43":0,"44":0,"45":0,"46":0,"47":0,"48":0,"49":0,"50":2},"f":{"0":6,"1":3,"2":0},"b":{"0":[1,5],"1":[6,5,5,5,5],"2":[1,4],"3":[1,3],"4":[0,3],"5":[3,3],"6":[1,2],"7":[1,1],"8":[0,0]}}
,"C:\\Users\\PC\\Desktop\\Demo-Credit\\src\\controllers\\wallet.controller.ts": {"path":"C:\\Users\\PC\\Desktop\\Demo-Credit\\src\\controllers\\wallet.controller.ts","statementMap":{"0":{"start":{"line":3,"column":0},"end":{"line":3,"column":48}},"1":{"start":{"line":4,"column":0},"end":{"line":4,"column":58}},"2":{"start":{"line":5,"column":0},"end":{"line":5,"column":59}},"3":{"start":{"line":7,"column":26},"end":{"line":46,"column":1}},"4":{"start":{"line":8,"column":2},"end":{"line":45,"column":3}},"5":{"start":{"line":9,"column":23},"end":{"line":9,"column":31}},"6":{"start":{"line":12,"column":4},"end":{"line":15,"column":5}},"7":{"start":{"line":13,"column":6},"end":{"line":13,"column":68}},"8":{"start":{"line":14,"column":6},"end":{"line":14,"column":13}},"9":{"start":{"line":18,"column":19},"end":{"line":18,"column":63}},"10":{"start":{"line":19,"column":4},"end":{"line":22,"column":5}},"11":{"start":{"line":20,"column":6},"end":{"line":20,"column":60}},"12":{"start":{"line":21,"column":6},"end":{"line":21,"column":13}},"13":{"start":{"line":24,"column":23},"end":{"line":24,"column":37}},"14":{"start":{"line":25,"column":23},"end":{"line":25,"column":58}},"15":{"start":{"line":28,"column":4},"end":{"line":28,"column":60}},"16":{"start":{"line":31,"column":4},"end":{"line":37,"column":7}},"17":{"start":{"line":39,"column":4},"end":{"line":42,"column":7}},"18":{"start":{"line":44,"column":4},"end":{"line":44,"column":62}},"19":{"start":{"line":7,"column":13},"end":{"line":7,"column":26}},"20":{"start":{"line":48,"column":29},"end":{"line":124,"column":1}},"21":{"start":{"line":49,"column":2},"end":{"line":123,"column":3}},"22":{"start":{"line":50,"column":40},"end":{"line":50,"column":48}},"23":{"start":{"line":52,"column":4},"end":{"line":55,"column":5}},"24":{"start":{"line":53,"column":6},"end":{"line":53,"column":89}},"25":{"start":{"line":54,"column":6},"end":{"line":54,"column":13}},"26":{"start":{"line":57,"column":27},"end":{"line":57,"column":41}},"27":{"start":{"line":60,"column":25},"end":{"line":60,"column":69}},"28":{"start":{"line":61,"column":4},"end":{"line":64,"column":5}},"29":{"start":{"line":62,"column":6},"end":{"line":62,"column":67}},"30":{"start":{"line":63,"column":6},"end":{"line":63,"column":13}},"31":{"start":{"line":67,"column":4},"end":{"line":70,"column":5}},"32":{"start":{"line":68,"column":6},"end":{"line":68,"column":64}},"33":{"start":{"line":69,"column":6},"end":{"line":69,"column":13}},"34":{"start":{"line":73,"column":4},"end":{"line":76,"column":5}},"35":{"start":{"line":74,"column":6},"end":{"line":74,"column":71}},"36":{"start":{"line":75,"column":6},"end":{"line":75,"column":13}},"37":{"start":{"line":79,"column":35},"end":{"line":79,"column":70}},"38":{"start":{"line":80,"column":22},"end":{"line":80,"column":66}},"39":{"start":{"line":81,"column":4},"end":{"line":84,"column":5}},"40":{"start":{"line":82,"column":6},"end":{"line":82,"column":63}},"41":{"start":{"line":83,"column":6},"end":{"line":83,"column":13}},"42":{"start":{"line":86,"column":28},"end":{"line":86,"column":73}},"43":{"start":{"line":87,"column":4},"end":{"line":90,"column":5}},"44":{"start":{"line":88,"column":6},"end":{"line":88,"column":70}},"45":{"start":{"line":89,"column":6},"end":{"line":89,"column":13}},"46":{"start":{"line":93,"column":22},"end":{"line":93,"column":41}},"47":{"start":{"line":96,"column":29},"end":{"line":96,"column":74}},"48":{"start":{"line":97,"column":4},"end":{"line":97,"column":72}},"49":{"start":{"line":98,"column":4},"end":{"line":104,"column":7}},"50":{"start":{"line":107,"column":32},"end":{"line":107,"column":80}},"51":{"start":{"line":108,"column":4},"end":{"line":108,"column":78}},"52":{"start":{"line":109,"column":4},"end":{"line":115,"column":7}},"53":{"start":{"line":117,"column":4},"end":{"line":120,"column":7}},"54":{"start":{"line":122,"column":4},"end":{"line":122,"column":67}},"55":{"start":{"line":48,"column":13},"end":{"line":48,"column":29}},"56":{"start":{"line":126,"column":29},"end":{"line":168,"column":1}},"57":{"start":{"line":127,"column":2},"end":{"line":167,"column":3}},"58":{"start":{"line":128,"column":23},"end":{"line":128,"column":31}},"59":{"start":{"line":130,"column":4},"end":{"line":133,"column":5}},"60":{"start":{"line":131,"column":6},"end":{"line":131,"column":68}},"61":{"start":{"line":132,"column":6},"end":{"line":132,"column":13}},"62":{"start":{"line":135,"column":27},"end":{"line":135,"column":41}},"63":{"start":{"line":138,"column":19},"end":{"line":138,"column":63}},"64":{"start":{"line":139,"column":4},"end":{"line":142,"column":5}},"65":{"start":{"line":140,"column":6},"end":{"line":140,"column":60}},"66":{"start":{"line":141,"column":6},"end":{"line":141,"column":13}},"67":{"start":{"line":145,"column":4},"end":{"line":148,"column":5}},"68":{"start":{"line":146,"column":6},"end":{"line":146,"column":64}},"69":{"start":{"line":147,"column":6},"end":{"line":147,"column":13}},"70":{"start":{"line":151,"column":23},"end":{"line":151,"column":62}},"71":{"start":{"line":152,"column":4},"end":{"line":152,"column":60}},"72":{"start":{"line":153,"column":4},"end":{"line":159,"column":7}},"73":{"start":{"line":161,"column":4},"end":{"line":164,"column":7}},"74":{"start":{"line":166,"column":4},"end":{"line":166,"column":69}},"75":{"start":{"line":126,"column":13},"end":{"line":126,"column":29}},"76":{"start":{"line":170,"column":31},"end":{"line":184,"column":1}},"77":{"start":{"line":171,"column":2},"end":{"line":183,"column":3}},"78":{"start":{"line":172,"column":19},"end":{"line":172,"column":63}},"79":{"start":{"line":173,"column":4},"end":{"line":176,"column":5}},"80":{"start":{"line":174,"column":6},"end":{"line":174,"column":60}},"81":{"start":{"line":175,"column":6},"end":{"line":175,"column":13}},"82":{"start":{"line":178,"column":25},"end":{"line":178,"column":74}},"83":{"start":{"line":180,"column":4},"end":{"line":180,"column":49}},"84":{"start":{"line":182,"column":4},"end":{"line":182,"column":69}},"85":{"start":{"line":170,"column":13},"end":{"line":170,"column":31}}},"fnMap":{"0":{"name":"(anonymous_10)","decl":{"start":{"line":7,"column":26},"end":{"line":7,"column":31}},"loc":{"start":{"line":7,"column":83},"end":{"line":46,"column":1}}},"1":{"name":"(anonymous_11)","decl":{"start":{"line":48,"column":29},"end":{"line":48,"column":34}},"loc":{"start":{"line":48,"column":86},"end":{"line":124,"column":1}}},"2":{"name":"(anonymous_12)","decl":{"start":{"line":79,"column":35},"end":{"line":79,"column":48}},"loc":{"start":{"line":79,"column":35},"end":{"line":79,"column":70}}},"3":{"name":"(anonymous_13)","decl":{"start":{"line":126,"column":29},"end":{"line":126,"column":34}},"loc":{"start":{"line":126,"column":86},"end":{"line":168,"column":1}}},"4":{"name":"(anonymous_14)","decl":{"start":{"line":170,"column":31},"end":{"line":170,"column":36}},"loc":{"start":{"line":170,"column":88},"end":{"line":184,"column":1}}}},"branchMap":{"0":{"loc":{"start":{"line":12,"column":4},"end":{"line":15,"column":5}},"type":"if","locations":[{"start":{"line":12,"column":4},"end":{"line":15,"column":5}},{"start":{},"end":{}}]},"1":{"loc":{"start":{"line":12,"column":8},"end":{"line":12,"column":55}},"type":"binary-expr","locations":[{"start":{"line":12,"column":8},"end":{"line":12,"column":15}},{"start":{"line":12,"column":19},"end":{"line":12,"column":32}},{"start":{"line":12,"column":36},"end":{"line":12,"column":55}}]},"2":{"loc":{"start":{"line":19,"column":4},"end":{"line":22,"column":5}},"type":"if","locations":[{"start":{"line":19,"column":4},"end":{"line":22,"column":5}},{"start":{},"end":{}}]},"3":{"loc":{"start":{"line":52,"column":4},"end":{"line":55,"column":5}},"type":"if","locations":[{"start":{"line":52,"column":4},"end":{"line":55,"column":5}},{"start":{},"end":{}}]},"4":{"loc":{"start":{"line":52,"column":8},"end":{"line":52,"column":75}},"type":"binary-expr","locations":[{"start":{"line":52,"column":8},"end":{"line":52,"column":24}},{"start":{"line":52,"column":28},"end":{"line":52,"column":35}},{"start":{"line":52,"column":39},"end":{"line":52,"column":52}},{"start":{"line":52,"column":56},"end":{"line":52,"column":75}}]},"5":{"loc":{"start":{"line":61,"column":4},"end":{"line":64,"column":5}},"type":"if","locations":[{"start":{"line":61,"column":4},"end":{"line":64,"column":5}},{"start":{},"end":{}}]},"6":{"loc":{"start":{"line":67,"column":4},"end":{"line":70,"column":5}},"type":"if","locations":[{"start":{"line":67,"column":4},"end":{"line":70,"column":5}},{"start":{},"end":{}}]},"7":{"loc":{"start":{"line":73,"column":4},"end":{"line":76,"column":5}},"type":"if","locations":[{"start":{"line":73,"column":4},"end":{"line":76,"column":5}},{"start":{},"end":{}}]},"8":{"loc":{"start":{"line":81,"column":4},"end":{"line":84,"column":5}},"type":"if","locations":[{"start":{"line":81,"column":4},"end":{"line":84,"column":5}},{"start":{},"end":{}}]},"9":{"loc":{"start":{"line":87,"column":4},"end":{"line":90,"column":5}},"type":"if","locations":[{"start":{"line":87,"column":4},"end":{"line":90,"column":5}},{"start":{},"end":{}}]},"10":{"loc":{"start":{"line":130,"column":4},"end":{"line":133,"column":5}},"type":"if","locations":[{"start":{"line":130,"column":4},"end":{"line":133,"column":5}},{"start":{},"end":{}}]},"11":{"loc":{"start":{"line":130,"column":8},"end":{"line":130,"column":55}},"type":"binary-expr","locations":[{"start":{"line":130,"column":8},"end":{"line":130,"column":15}},{"start":{"line":130,"column":19},"end":{"line":130,"column":32}},{"start":{"line":130,"column":36},"end":{"line":130,"column":55}}]},"12":{"loc":{"start":{"line":139,"column":4},"end":{"line":142,"column":5}},"type":"if","locations":[{"start":{"line":139,"column":4},"end":{"line":142,"column":5}},{"start":{},"end":{}}]},"13":{"loc":{"start":{"line":145,"column":4},"end":{"line":148,"column":5}},"type":"if","locations":[{"start":{"line":145,"column":4},"end":{"line":148,"column":5}},{"start":{},"end":{}}]},"14":{"loc":{"start":{"line":173,"column":4},"end":{"line":176,"column":5}},"type":"if","locations":[{"start":{"line":173,"column":4},"end":{"line":176,"column":5}},{"start":{},"end":{}}]}},"s":{"0":2,"1":2,"2":2,"3":2,"4":2,"5":2,"6":2,"7":1,"8":1,"9":1,"10":1,"11":0,"12":0,"13":1,"14":1,"15":1,"16":1,"17":1,"18":0,"19":2,"20":2,"21":3,"22":3,"23":3,"24":0,"25":0,"26":3,"27":3,"28":3,"29":0,"30":0,"31":3,"32":0,"33":0,"34":3,"35":1,"36":1,"37":4,"38":2,"39":2,"40":1,"41":1,"42":1,"43":1,"44":0,"45":0,"46":1,"47":1,"48":1,"49":1,"50":1,"51":1,"52":1,"53":1,"54":0,"55":2,"56":2,"57":2,"58":2,"59":2,"60":0,"61":0,"62":2,"63":2,"64":2,"65":0,"66":0,"67":2,"68":1,"69":1,"70":1,"71":1,"72":1,"73":1,"74":0,"75":2,"76":2,"77":1,"78":1,"79":1,"80":0,"81":0,"82":1,"83":1,"84":0,"85":2},"f":{"0":2,"1":3,"2":2,"3":2,"4":1},"b":{"0":[1,1],"1":[2,2,2],"2":[0,1],"3":[0,3],"4":[3,3,3,3],"5":[0,3],"6":[0,3],"7":[1,2],"8":[1,1],"9":[0,1],"10":[0,2],"11":[2,2,2],"12":[0,2],"13":[1,1],"14":[0,1]}}
,"C:\\Users\\PC\\Desktop\\Demo-Credit\\src\\database\\db.ts": {"path":"C:\\Users\\PC\\Desktop\\Demo-Credit\\src\\database\\db.ts","statementMap":{"0":{"start":{"line":1,"column":0},"end":{"line":1,"column":24}},"1":{"start":{"line":2,"column":0},"end":{"line":2,"column":36}},"2":{"start":{"line":4,"column":20},"end":{"line":4,"column":76}},"3":{"start":{"line":5,"column":11},"end":{"line":5,"column":40}},"4":{"start":{"line":7,"column":0},"end":{"line":7,"column":18}}},"fnMap":{},"branchMap":{"0":{"loc":{"start":{"line":4,"column":20},"end":{"line":4,"column":76}},"type":"cond-expr","locations":[{"start":{"line":4,"column":54},"end":{"line":4,"column":60}},{"start":{"line":4,"column":63},"end":{"line":4,"column":76}}]}},"s":{"0":2,"1":2,"2":2,"3":2,"4":2},"f":{},"b":{"0":[2,0]}}
,"C:\\Users\\PC\\Desktop\\Demo-Credit\\src\\database\\knexfile.ts": {"path":"C:\\Users\\PC\\Desktop\\Demo-Credit\\src\\database\\knexfile.ts","statementMap":{"0":{"start":{"line":1,"column":0},"end":{"line":1,"column":28}},"1":{"start":{"line":2,"column":0},"end":{"line":2,"column":24}},"2":{"start":{"line":4,"column":0},"end":{"line":4,"column":63}},"3":{"start":{"line":6,"column":19},"end":{"line":44,"column":2}},"4":{"start":{"line":46,"column":0},"end":{"line":46,"column":26}}},"fnMap":{},"branchMap":{},"s":{"0":2,"1":2,"2":2,"3":2,"4":2},"f":{},"b":{}}
,"C:\\Users\\PC\\Desktop\\Demo-Credit\\src\\database\\migrations\\20260415195938_create_users_table.ts": {"path":"C:\\Users\\PC\\Desktop\\Demo-Credit\\src\\database\\migrations\\20260415195938_create_users_table.ts","statementMap":{"0":{"start":{"line":3,"column":0},"end":{"line":3,"column":7}},"1":{"start":{"line":16,"column":0},"end":{"line":16,"column":7}},"2":{"start":{"line":4,"column":2},"end":{"line":13,"column":5}},"3":{"start":{"line":5,"column":4},"end":{"line":5,"column":37}},"4":{"start":{"line":6,"column":4},"end":{"line":6,"column":44}},"5":{"start":{"line":7,"column":4},"end":{"line":7,"column":49}},"6":{"start":{"line":8,"column":4},"end":{"line":8,"column":43}},"7":{"start":{"line":9,"column":4},"end":{"line":9,"column":56}},"8":{"start":{"line":10,"column":4},"end":{"line":10,"column":38}},"9":{"start":{"line":11,"column":4},"end":{"line":11,"column":47}},"10":{"start":{"line":12,"column":4},"end":{"line":12,"column":33}},"11":{"start":{"line":17,"column":2},"end":{"line":17,"column":47}}},"fnMap":{"0":{"name":"up","decl":{"start":{"line":3,"column":22},"end":{"line":3,"column":24}},"loc":{"start":{"line":3,"column":35},"end":{"line":14,"column":1}}},"1":{"name":"(anonymous_1)","decl":{"start":{"line":4,"column":41},"end":{"line":4,"column":42}},"loc":{"start":{"line":4,"column":51},"end":{"line":13,"column":3}}},"2":{"name":"down","decl":{"start":{"line":16,"column":22},"end":{"line":16,"column":26}},"loc":{"start":{"line":16,"column":37},"end":{"line":18,"column":1}}}},"branchMap":{},"s":{"0":1,"1":1,"2":1,"3":1,"4":1,"5":1,"6":1,"7":1,"8":1,"9":1,"10":1,"11":0},"f":{"0":1,"1":1,"2":0},"b":{}}
,"C:\\Users\\PC\\Desktop\\Demo-Credit\\src\\database\\migrations\\20260415195941_create_wallets_table.ts": {"path":"C:\\Users\\PC\\Desktop\\Demo-Credit\\src\\database\\migrations\\20260415195941_create_wallets_table.ts","statementMap":{"0":{"start":{"line":3,"column":0},"end":{"line":3,"column":7}},"1":{"start":{"line":14,"column":0},"end":{"line":14,"column":7}},"2":{"start":{"line":4,"column":2},"end":{"line":11,"column":5}},"3":{"start":{"line":5,"column":4},"end":{"line":5,"column":37}},"4":{"start":{"line":6,"column":4},"end":{"line":6,"column":54}},"5":{"start":{"line":7,"column":4},"end":{"line":7,"column":52}},"6":{"start":{"line":8,"column":4},"end":{"line":8,"column":33}},"7":{"start":{"line":10,"column":4},"end":{"line":10,"column":83}},"8":{"start":{"line":15,"column":2},"end":{"line":15,"column":49}}},"fnMap":{"0":{"name":"up","decl":{"start":{"line":3,"column":22},"end":{"line":3,"column":24}},"loc":{"start":{"line":3,"column":35},"end":{"line":12,"column":1}}},"1":{"name":"(anonymous_1)","decl":{"start":{"line":4,"column":43},"end":{"line":4,"column":44}},"loc":{"start":{"line":4,"column":53},"end":{"line":11,"column":3}}},"2":{"name":"down","decl":{"start":{"line":14,"column":22},"end":{"line":14,"column":26}},"loc":{"start":{"line":14,"column":37},"end":{"line":16,"column":1}}}},"branchMap":{},"s":{"0":1,"1":1,"2":1,"3":1,"4":1,"5":1,"6":1,"7":1,"8":0},"f":{"0":1,"1":1,"2":0},"b":{}}
,"C:\\Users\\PC\\Desktop\\Demo-Credit\\src\\database\\migrations\\20260415200008_create_transactions_table.ts": {"path":"C:\\Users\\PC\\Desktop\\Demo-Credit\\src\\database\\migrations\\20260415200008_create_transactions_table.ts","statementMap":{"0":{"start":{"line":3,"column":0},"end":{"line":3,"column":7}},"1":{"start":{"line":18,"column":0},"end":{"line":18,"column":7}},"2":{"start":{"line":4,"column":2},"end":{"line":15,"column":5}},"3":{"start":{"line":5,"column":4},"end":{"line":5,"column":37}},"4":{"start":{"line":6,"column":4},"end":{"line":6,"column":56}},"5":{"start":{"line":7,"column":4},"end":{"line":7,"column":58}},"6":{"start":{"line":8,"column":4},"end":{"line":8,"column":49}},"7":{"start":{"line":9,"column":4},"end":{"line":9,"column":53}},"8":{"start":{"line":10,"column":4},"end":{"line":10,"column":86}},"9":{"start":{"line":11,"column":4},"end":{"line":11,"column":43}},"10":{"start":{"line":12,"column":4},"end":{"line":12,"column":33}},"11":{"start":{"line":14,"column":4},"end":{"line":14,"column":87}},"12":{"start":{"line":19,"column":2},"end":{"line":19,"column":54}}},"fnMap":{"0":{"name":"up","decl":{"start":{"line":3,"column":22},"end":{"line":3,"column":24}},"loc":{"start":{"line":3,"column":35},"end":{"line":16,"column":1}}},"1":{"name":"(anonymous_1)","decl":{"start":{"line":4,"column":48},"end":{"line":4,"column":49}},"loc":{"start":{"line":4,"column":58},"end":{"line":15,"column":3}}},"2":{"name":"down","decl":{"start":{"line":18,"column":22},"end":{"line":18,"column":26}},"loc":{"start":{"line":18,"column":37},"end":{"line":20,"column":1}}}},"branchMap":{},"s":{"0":1,"1":1,"2":1,"3":1,"4":1,"5":1,"6":1,"7":1,"8":1,"9":1,"10":1,"11":1,"12":0},"f":{"0":1,"1":1,"2":0},"b":{}}
,"C:\\Users\\PC\\Desktop\\Demo-Credit\\src\\middlewares\\auth.middleware.ts": {"path":"C:\\Users\\PC\\Desktop\\Demo-Credit\\src\\middlewares\\auth.middleware.ts","statementMap":{"0":{"start":{"line":2,"column":0},"end":{"line":2,"column":44}},"1":{"start":{"line":11,"column":23},"end":{"line":43,"column":1}},"2":{"start":{"line":12,"column":2},"end":{"line":42,"column":3}},"3":{"start":{"line":13,"column":23},"end":{"line":13,"column":48}},"4":{"start":{"line":15,"column":4},"end":{"line":18,"column":5}},"5":{"start":{"line":16,"column":6},"end":{"line":16,"column":61}},"6":{"start":{"line":17,"column":6},"end":{"line":17,"column":13}},"7":{"start":{"line":20,"column":18},"end":{"line":20,"column":42}},"8":{"start":{"line":24,"column":19},"end":{"line":24,"column":34}},"9":{"start":{"line":26,"column":4},"end":{"line":29,"column":5}},"10":{"start":{"line":27,"column":6},"end":{"line":27,"column":57}},"11":{"start":{"line":28,"column":6},"end":{"line":28,"column":13}},"12":{"start":{"line":31,"column":17},"end":{"line":31,"column":49}},"13":{"start":{"line":33,"column":4},"end":{"line":36,"column":5}},"14":{"start":{"line":34,"column":6},"end":{"line":34,"column":58}},"15":{"start":{"line":35,"column":6},"end":{"line":35,"column":13}},"16":{"start":{"line":38,"column":4},"end":{"line":38,"column":51}},"17":{"start":{"line":39,"column":4},"end":{"line":39,"column":11}},"18":{"start":{"line":41,"column":4},"end":{"line":41,"column":62}},"19":{"start":{"line":45,"column":0},"end":{"line":45,"column":30}}},"fnMap":{"0":{"name":"(anonymous_1)","decl":{"start":{"line":11,"column":23},"end":{"line":11,"column":28}},"loc":{"start":{"line":11,"column":100},"end":{"line":43,"column":1}}}},"branchMap":{"0":{"loc":{"start":{"line":15,"column":4},"end":{"line":18,"column":5}},"type":"if","locations":[{"start":{"line":15,"column":4},"end":{"line":18,"column":5}},{"start":{},"end":{}}]},"1":{"loc":{"start":{"line":15,"column":8},"end":{"line":15,"column":56}},"type":"binary-expr","locations":[{"start":{"line":15,"column":8},"end":{"line":15,"column":19}},{"start":{"line":15,"column":23},"end":{"line":15,"column":56}}]},"2":{"loc":{"start":{"line":26,"column":4},"end":{"line":29,"column":5}},"type":"if","locations":[{"start":{"line":26,"column":4},"end":{"line":29,"column":5}},{"start":{},"end":{}}]},"3":{"loc":{"start":{"line":33,"column":4},"end":{"line":36,"column":5}},"type":"if","locations":[{"start":{"line":33,"column":4},"end":{"line":36,"column":5}},{"start":{},"end":{}}]}},"s":{"0":2,"1":2,"2":9,"3":9,"4":9,"5":1,"6":1,"7":8,"8":8,"9":8,"10":0,"11":0,"12":8,"13":8,"14":0,"15":0,"16":8,"17":8,"18":0,"19":2},"f":{"0":9},"b":{"0":[1,8],"1":[9,8],"2":[0,8],"3":[0,8]}}
,"C:\\Users\\PC\\Desktop\\Demo-Credit\\src\\models\\TransactionModel.ts": {"path":"C:\\Users\\PC\\Desktop\\Demo-Credit\\src\\models\\TransactionModel.ts","statementMap":{"0":{"start":{"line":1,"column":0},"end":{"line":1,"column":32}},"1":{"start":{"line":15,"column":25},"end":{"line":27,"column":2}},"2":{"start":{"line":17,"column":4},"end":{"line":17,"column":54}},"3":{"start":{"line":21,"column":4},"end":{"line":21,"column":81}},"4":{"start":{"line":25,"column":4},"end":{"line":25,"column":59}},"5":{"start":{"line":29,"column":0},"end":{"line":29,"column":32}}},"fnMap":{"0":{"name":"(anonymous_1)","decl":{"start":{"line":16,"column":2},"end":{"line":16,"column":7}},"loc":{"start":{"line":16,"column":85},"end":{"line":18,"column":3}}},"1":{"name":"(anonymous_2)","decl":{"start":{"line":20,"column":2},"end":{"line":20,"column":7}},"loc":{"start":{"line":20,"column":40},"end":{"line":22,"column":3}}},"2":{"name":"(anonymous_3)","decl":{"start":{"line":24,"column":2},"end":{"line":24,"column":7}},"loc":{"start":{"line":24,"column":41},"end":{"line":26,"column":3}}}},"branchMap":{},"s":{"0":2,"1":2,"2":4,"3":1,"4":0,"5":2},"f":{"0":4,"1":1,"2":0},"b":{}}
,"C:\\Users\\PC\\Desktop\\Demo-Credit\\src\\models\\UserModel.ts": {"path":"C:\\Users\\PC\\Desktop\\Demo-Credit\\src\\models\\UserModel.ts","statementMap":{"0":{"start":{"line":1,"column":0},"end":{"line":1,"column":32}},"1":{"start":{"line":15,"column":18},"end":{"line":31,"column":2}},"2":{"start":{"line":17,"column":4},"end":{"line":17,"column":40}},"3":{"start":{"line":21,"column":4},"end":{"line":21,"column":48}},"4":{"start":{"line":25,"column":4},"end":{"line":25,"column":45}},"5":{"start":{"line":29,"column":4},"end":{"line":29,"column":55}},"6":{"start":{"line":33,"column":0},"end":{"line":33,"column":25}}},"fnMap":{"0":{"name":"(anonymous_1)","decl":{"start":{"line":16,"column":2},"end":{"line":16,"column":7}},"loc":{"start":{"line":16,"column":71},"end":{"line":18,"column":3}}},"1":{"name":"(anonymous_2)","decl":{"start":{"line":20,"column":2},"end":{"line":20,"column":7}},"loc":{"start":{"line":20,"column":33},"end":{"line":22,"column":3}}},"2":{"name":"(anonymous_3)","decl":{"start":{"line":24,"column":2},"end":{"line":24,"column":7}},"loc":{"start":{"line":24,"column":27},"end":{"line":26,"column":3}}},"3":{"name":"(anonymous_4)","decl":{"start":{"line":28,"column":2},"end":{"line":28,"column":7}},"loc":{"start":{"line":28,"column":40},"end":{"line":30,"column":3}}}},"branchMap":{},"s":{"0":2,"1":2,"2":3,"3":10,"4":11,"5":4,"6":2},"f":{"0":3,"1":10,"2":11,"3":4},"b":{}}
,"C:\\Users\\PC\\Desktop\\Demo-Credit\\src\\models\\WalletModel.ts": {"path":"C:\\Users\\PC\\Desktop\\Demo-Credit\\src\\models\\WalletModel.ts","statementMap":{"0":{"start":{"line":1,"column":0},"end":{"line":1,"column":32}},"1":{"start":{"line":11,"column":20},"end":{"line":27,"column":2}},"2":{"start":{"line":13,"column":4},"end":{"line":13,"column":60}},"3":{"start":{"line":17,"column":4},"end":{"line":17,"column":52}},"4":{"start":{"line":21,"column":4},"end":{"line":21,"column":47}},"5":{"start":{"line":25,"column":4},"end":{"line":25,"column":59}},"6":{"start":{"line":29,"column":0},"end":{"line":29,"column":27}}},"fnMap":{"0":{"name":"(anonymous_1)","decl":{"start":{"line":12,"column":2},"end":{"line":12,"column":7}},"loc":{"start":{"line":12,"column":30},"end":{"line":14,"column":3}}},"1":{"name":"(anonymous_2)","decl":{"start":{"line":16,"column":2},"end":{"line":16,"column":7}},"loc":{"start":{"line":16,"column":36},"end":{"line":18,"column":3}}},"2":{"name":"(anonymous_3)","decl":{"start":{"line":20,"column":2},"end":{"line":20,"column":7}},"loc":{"start":{"line":20,"column":27},"end":{"line":22,"column":3}}},"3":{"name":"(anonymous_4)","decl":{"start":{"line":24,"column":2},"end":{"line":24,"column":7}},"loc":{"start":{"line":24,"column":49},"end":{"line":26,"column":3}}}},"branchMap":{},"s":{"0":2,"1":2,"2":3,"3":8,"4":0,"5":4,"6":2},"f":{"0":3,"1":8,"2":0,"3":4},"b":{}}
,"C:\\Users\\PC\\Desktop\\Demo-Credit\\src\\routes\\user.routes.ts": {"path":"C:\\Users\\PC\\Desktop\\Demo-Credit\\src\\routes\\user.routes.ts","statementMap":{"0":{"start":{"line":1,"column":0},"end":{"line":1,"column":33}},"1":{"start":{"line":2,"column":0},"end":{"line":2,"column":77}},"2":{"start":{"line":3,"column":0},"end":{"line":3,"column":60}},"3":{"start":{"line":5,"column":15},"end":{"line":5,"column":23}},"4":{"start":{"line":7,"column":0},"end":{"line":7,"column":35}},"5":{"start":{"line":8,"column":0},"end":{"line":8,"column":29}},"6":{"start":{"line":9,"column":0},"end":{"line":9,"column":51}},"7":{"start":{"line":11,"column":0},"end":{"line":11,"column":22}}},"fnMap":{},"branchMap":{},"s":{"0":2,"1":2,"2":2,"3":2,"4":2,"5":2,"6":2,"7":2},"f":{},"b":{}}
,"C:\\Users\\PC\\Desktop\\Demo-Credit\\src\\routes\\wallet.routes.ts": {"path":"C:\\Users\\PC\\Desktop\\Demo-Credit\\src\\routes\\wallet.routes.ts","statementMap":{"0":{"start":{"line":1,"column":0},"end":{"line":1,"column":33}},"1":{"start":{"line":2,"column":0},"end":{"line":2,"column":null}},"2":{"start":{"line":8,"column":0},"end":{"line":8,"column":60}},"3":{"start":{"line":10,"column":15},"end":{"line":10,"column":23}},"4":{"start":{"line":12,"column":0},"end":{"line":12,"column":49}},"5":{"start":{"line":13,"column":0},"end":{"line":13,"column":56}},"6":{"start":{"line":14,"column":0},"end":{"line":14,"column":56}},"7":{"start":{"line":15,"column":0},"end":{"line":15,"column":61}},"8":{"start":{"line":17,"column":0},"end":{"line":17,"column":22}}},"fnMap":{},"branchMap":{},"s":{"0":2,"1":2,"2":2,"3":2,"4":2,"5":2,"6":2,"7":2,"8":2},"f":{},"b":{}}
,"C:\\Users\\PC\\Desktop\\Demo-Credit\\src\\services\\karma.service.ts": {"path":"C:\\Users\\PC\\Desktop\\Demo-Credit\\src\\services\\karma.service.ts","statementMap":{"0":{"start":{"line":1,"column":0},"end":{"line":1,"column":26}},"1":{"start":{"line":3,"column":19},"end":{"line":24,"column":1}},"2":{"start":{"line":4,"column":2},"end":{"line":23,"column":3}},"3":{"start":{"line":5,"column":21},"end":{"line":11,"column":null}},"4":{"start":{"line":15,"column":4},"end":{"line":15,"column":46}},"5":{"start":{"line":18,"column":4},"end":{"line":20,"column":5}},"6":{"start":{"line":19,"column":6},"end":{"line":19,"column":19}},"7":{"start":{"line":22,"column":4},"end":{"line":22,"column":42}},"8":{"start":{"line":26,"column":0},"end":{"line":26,"column":26}}},"fnMap":{"0":{"name":"(anonymous_1)","decl":{"start":{"line":3,"column":19},"end":{"line":3,"column":24}},"loc":{"start":{"line":3,"column":64},"end":{"line":24,"column":1}}}},"branchMap":{"0":{"loc":{"start":{"line":18,"column":4},"end":{"line":20,"column":5}},"type":"if","locations":[{"start":{"line":18,"column":4},"end":{"line":20,"column":5}},{"start":{},"end":{}}]},"1":{"loc":{"start":{"line":18,"column":8},"end":{"line":18,"column":55}},"type":"binary-expr","locations":[{"start":{"line":18,"column":8},"end":{"line":18,"column":22}},{"start":{"line":18,"column":26},"end":{"line":18,"column":55}}]}},"s":{"0":1,"1":1,"2":3,"3":3,"4":1,"5":2,"6":1,"7":1,"8":1},"f":{"0":3},"b":{"0":[1,1],"1":[2,2]}}
,"C:\\Users\\PC\\Desktop\\Demo-Credit\\src\\utils\\generateReference.ts": {"path":"C:\\Users\\PC\\Desktop\\Demo-Credit\\src\\utils\\generateReference.ts","statementMap":{"0":{"start":{"line":1,"column":0},"end":{"line":1,"column":36}},"1":{"start":{"line":3,"column":26},"end":{"line":5,"column":1}},"2":{"start":{"line":4,"column":2},"end":{"line":4,"column":27}},"3":{"start":{"line":7,"column":0},"end":{"line":7,"column":33}}},"fnMap":{"0":{"name":"(anonymous_0)","decl":{"start":{"line":3,"column":26},"end":{"line":3,"column":37}},"loc":{"start":{"line":3,"column":39},"end":{"line":5,"column":1}}}},"branchMap":{},"s":{"0":2,"1":2,"2":3,"3":2},"f":{"0":3},"b":{}}
}
