TN:
SF:src\app.ts
FN:12,(anonymous_1)
FN:16,(anonymous_2)
FNF:2
FNH:0
FNDA:0,(anonymous_1)
FNDA:0,(anonymous_2)
DA:1,2
DA:2,2
DA:3,2
DA:5,2
DA:7,2
DA:9,2
DA:10,2
DA:12,2
DA:13,0
DA:16,2
DA:17,0
DA:20,2
LF:12
LH:10
BRF:0
BRH:0
end_of_record
TN:
SF:src\controllers\user.controller.ts
FN:8,(anonymous_1)
FN:71,(anonymous_2)
FN:111,(anonymous_3)
FNF:3
FNH:2
FNDA:6,(anonymous_1)
FNDA:3,(anonymous_2)
FNDA:0,(anonymous_3)
DA:2,2
DA:3,2
DA:4,2
DA:8,2
DA:9,6
DA:10,6
DA:13,6
DA:14,1
DA:15,1
DA:19,5
DA:20,5
DA:21,1
DA:22,1
DA:26,4
DA:27,4
DA:28,1
DA:29,1
DA:40,3
DA:43,3
DA:52,3
DA:55,3
DA:57,3
DA:67,0
DA:71,2
DA:72,3
DA:73,3
DA:75,3
DA:76,0
DA:77,0
DA:81,3
DA:82,3
DA:83,1
DA:84,1
DA:88,2
DA:89,2
DA:90,1
DA:91,1
DA:95,1
DA:107,0
DA:111,2
DA:112,0
DA:113,0
DA:114,0
DA:115,0
DA:116,0
DA:119,0
DA:121,0
DA:135,0
LF:48
LH:36
BRDA:13,0,0,1
BRDA:13,0,1,5
BRDA:13,1,0,6
BRDA:13,1,1,5
BRDA:13,1,2,5
BRDA:13,1,3,5
BRDA:13,1,4,5
BRDA:20,2,0,1
BRDA:20,2,1,4
BRDA:27,3,0,1
BRDA:27,3,1,3
BRDA:75,4,0,0
BRDA:75,4,1,3
BRDA:75,5,0,3
BRDA:75,5,1,3
BRDA:82,6,0,1
BRDA:82,6,1,2
BRDA:89,7,0,1
BRDA:89,7,1,1
BRDA:114,8,0,0
BRDA:114,8,1,0
BRF:21
BRH:18
end_of_record
TN:
SF:src\controllers\wallet.controller.ts
FN:7,(anonymous_10)
FN:48,(anonymous_11)
FN:79,(anonymous_12)
FN:126,(anonymous_13)
FN:170,(anonymous_14)
FNF:5
FNH:5
FNDA:2,(anonymous_10)
FNDA:3,(anonymous_11)
FNDA:2,(anonymous_12)
FNDA:2,(anonymous_13)
FNDA:1,(anonymous_14)
DA:3,2
DA:4,2
DA:5,2
DA:7,2
DA:8,2
DA:9,2
DA:12,2
DA:13,1
DA:14,1
DA:18,1
DA:19,1
DA:20,0
DA:21,0
DA:24,1
DA:25,1
DA:28,1
DA:31,1
DA:39,1
DA:44,0
DA:48,2
DA:49,3
DA:50,3
DA:52,3
DA:53,0
DA:54,0
DA:57,3
DA:60,3
DA:61,3
DA:62,0
DA:63,0
DA:67,3
DA:68,0
DA:69,0
DA:73,3
DA:74,1
DA:75,1
DA:79,4
DA:80,2
DA:81,2
DA:82,1
DA:83,1
DA:86,1
DA:87,1
DA:88,0
DA:89,0
DA:93,1
DA:96,1
DA:97,1
DA:98,1
DA:107,1
DA:108,1
DA:109,1
DA:117,1
DA:122,0
DA:126,2
DA:127,2
DA:128,2
DA:130,2
DA:131,0
DA:132,0
DA:135,2
DA:138,2
DA:139,2
DA:140,0
DA:141,0
DA:145,2
DA:146,1
DA:147,1
DA:151,1
DA:152,1
DA:153,1
DA:161,1
DA:166,0
DA:170,2
DA:171,1
DA:172,1
DA:173,1
DA:174,0
DA:175,0
DA:178,1
DA:180,1
DA:182,0
LF:82
LH:62
BRDA:12,0,0,1
BRDA:12,0,1,1
BRDA:12,1,0,2
BRDA:12,1,1,2
BRDA:12,1,2,2
BRDA:19,2,0,0
BRDA:19,2,1,1
BRDA:52,3,0,0
BRDA:52,3,1,3
BRDA:52,4,0,3
BRDA:52,4,1,3
BRDA:52,4,2,3
BRDA:52,4,3,3
BRDA:61,5,0,0
BRDA:61,5,1,3
BRDA:67,6,0,0
BRDA:67,6,1,3
BRDA:73,7,0,1
BRDA:73,7,1,2
BRDA:81,8,0,1
BRDA:81,8,1,1
BRDA:87,9,0,0
BRDA:87,9,1,1
BRDA:130,10,0,0
BRDA:130,10,1,2
BRDA:130,11,0,2
BRDA:130,11,1,2
BRDA:130,11,2,2
BRDA:139,12,0,0
BRDA:139,12,1,2
BRDA:145,13,0,1
BRDA:145,13,1,1
BRDA:173,14,0,0
BRDA:173,14,1,1
BRF:34
BRH:26
end_of_record
TN:
SF:src\database\db.ts
FNF:0
FNH:0
DA:1,2
DA:2,2
DA:4,2
DA:5,2
DA:7,2
LF:5
LH:5
BRDA:4,0,0,2
BRDA:4,0,1,0
BRF:2
BRH:1
end_of_record
TN:
SF:src\database\knexfile.ts
FNF:0
FNH:0
DA:1,2
DA:2,2
DA:4,2
DA:6,2
DA:46,2
LF:5
LH:5
BRF:0
BRH:0
end_of_record
TN:
SF:src\database\migrations\20260415195938_create_users_table.ts
FN:3,up
FN:4,(anonymous_1)
FN:16,down
FNF:3
FNH:2
FNDA:1,up
FNDA:1,(anonymous_1)
FNDA:0,down
DA:3,1
DA:4,1
DA:5,1
DA:6,1
DA:7,1
DA:8,1
DA:9,1
DA:10,1
DA:11,1
DA:12,1
DA:16,1
DA:17,0
LF:12
LH:11
BRF:0
BRH:0
end_of_record
TN:
SF:src\database\migrations\20260415195941_create_wallets_table.ts
FN:3,up
FN:4,(anonymous_1)
FN:14,down
FNF:3
FNH:2
FNDA:1,up
FNDA:1,(anonymous_1)
FNDA:0,down
DA:3,1
DA:4,1
DA:5,1
DA:6,1
DA:7,1
DA:8,1
DA:10,1
DA:14,1
DA:15,0
LF:9
LH:8
BRF:0
BRH:0
end_of_record
TN:
SF:src\database\migrations\20260415200008_create_transactions_table.ts
FN:3,up
FN:4,(anonymous_1)
FN:18,down
FNF:3
FNH:2
FNDA:1,up
FNDA:1,(anonymous_1)
FNDA:0,down
DA:3,1
DA:4,1
DA:5,1
DA:6,1
DA:7,1
DA:8,1
DA:9,1
DA:10,1
DA:11,1
DA:12,1
DA:14,1
DA:18,1
DA:19,0
LF:13
LH:12
BRF:0
BRH:0
end_of_record
TN:
SF:src\middlewares\auth.middleware.ts
FN:11,(anonymous_1)
FNF:1
FNH:1
FNDA:9,(anonymous_1)
DA:2,2
DA:11,2
DA:12,9
DA:13,9
DA:15,9
DA:16,1
DA:17,1
DA:20,8
DA:24,8
DA:26,8
DA:27,0
DA:28,0
DA:31,8
DA:33,8
DA:34,0
DA:35,0
DA:38,8
DA:39,8
DA:41,0
DA:45,2
LF:20
LH:15
BRDA:15,0,0,1
BRDA:15,0,1,8
BRDA:15,1,0,9
BRDA:15,1,1,8
BRDA:26,2,0,0
BRDA:26,2,1,8
BRDA:33,3,0,0
BRDA:33,3,1,8
BRF:8
BRH:6
end_of_record
TN:
SF:src\models\TransactionModel.ts
FN:16,(anonymous_1)
FN:20,(anonymous_2)
FN:24,(anonymous_3)
FNF:3
FNH:2
FNDA:4,(anonymous_1)
FNDA:1,(anonymous_2)
FNDA:0,(anonymous_3)
DA:1,2
DA:15,2
DA:17,4
DA:21,1
DA:25,0
DA:29,2
LF:6
LH:5
BRF:0
BRH:0
end_of_record
TN:
SF:src\models\UserModel.ts
FN:16,(anonymous_1)
FN:20,(anonymous_2)
FN:24,(anonymous_3)
FN:28,(anonymous_4)
FNF:4
FNH:4
FNDA:3,(anonymous_1)
FNDA:10,(anonymous_2)
FNDA:11,(anonymous_3)
FNDA:4,(anonymous_4)
DA:1,2
DA:15,2
DA:17,3
DA:21,10
DA:25,11
DA:29,4
DA:33,2
LF:7
LH:7
BRF:0
BRH:0
end_of_record
TN:
SF:src\models\WalletModel.ts
FN:12,(anonymous_1)
FN:16,(anonymous_2)
FN:20,(anonymous_3)
FN:24,(anonymous_4)
FNF:4
FNH:3
FNDA:3,(anonymous_1)
FNDA:8,(anonymous_2)
FNDA:0,(anonymous_3)
FNDA:4,(anonymous_4)
DA:1,2
DA:11,2
DA:13,3
DA:17,8
DA:21,0
DA:25,4
DA:29,2
LF:7
LH:6
BRF:0
BRH:0
end_of_record
TN:
SF:src\routes\user.routes.ts
FNF:0
FNH:0
DA:1,2
DA:2,2
DA:3,2
DA:5,2
DA:7,2
DA:8,2
DA:9,2
DA:11,2
LF:8
LH:8
BRF:0
BRH:0
end_of_record
TN:
SF:src\routes\wallet.routes.ts
FNF:0
FNH:0
DA:1,2
DA:2,2
DA:8,2
DA:10,2
DA:12,2
DA:13,2
DA:14,2
DA:15,2
DA:17,2
LF:9
LH:9
BRF:0
BRH:0
end_of_record
TN:
SF:src\services\karma.service.ts
FN:3,(anonymous_1)
FNF:1
FNH:1
FNDA:3,(anonymous_1)
DA:1,1
DA:3,1
DA:4,3
DA:5,3
DA:15,1
DA:18,2
DA:19,1
DA:22,1
DA:26,1
LF:9
LH:9
BRDA:18,0,0,1
BRDA:18,0,1,1
BRDA:18,1,0,2
BRDA:18,1,1,2
BRF:4
BRH:4
end_of_record
TN:
SF:src\utils\generateReference.ts
FN:3,(anonymous_0)
FNF:1
FNH:1
FNDA:3,(anonymous_0)
DA:1,2
DA:3,2
DA:4,3
DA:7,2
LF:4
LH:4
BRF:0
BRH:0
end_of_record
